<?xml version="1.0" encoding="UTF-8"?>
<testsuite name="de.htw.webtechprojekt.WebtechProjektApplicationTests" tests="1" skipped="0" failures="0" errors="0" timestamp="2022-05-25T17:56:41" hostname="AlwinsMacBook2.fritz.box" time="0.043">
  <properties/>
  <testcase name="Simple toString test, should return the GuestEntity object as a String" classname="de.htw.webtechprojekt.WebtechProjektApplicationTests" time="0.043"/>
  <system-out><![CDATA[19:56:36.111 [Test worker] DEBUG org.springframework.test.context.BootstrapUtils - Instantiating CacheAwareContextLoaderDelegate from class [org.springframework.test.context.cache.DefaultCacheAwareContextLoaderDelegate]
19:56:36.125 [Test worker] DEBUG org.springframework.test.context.BootstrapUtils - Instantiating BootstrapContext using constructor [public org.springframework.test.context.support.DefaultBootstrapContext(java.lang.Class,org.springframework.test.context.CacheAwareContextLoaderDelegate)]
19:56:36.173 [Test worker] DEBUG org.springframework.test.context.BootstrapUtils - Instantiating TestContextBootstrapper for test class [de.htw.webtechprojekt.WebtechProjektApplicationTests] from class [org.springframework.boot.test.context.SpringBootTestContextBootstrapper]
19:56:36.191 [Test worker] INFO org.springframework.boot.test.context.SpringBootTestContextBootstrapper - Neither @ContextConfiguration nor @ContextHierarchy found for test class [de.htw.webtechprojekt.WebtechProjektApplicationTests], using SpringBootContextLoader
19:56:36.196 [Test worker] DEBUG org.springframework.test.context.support.AbstractContextLoader - Did not detect default resource location for test class [de.htw.webtechprojekt.WebtechProjektApplicationTests]: class path resource [de/htw/webtechprojekt/WebtechProjektApplicationTests-context.xml] does not exist
19:56:36.197 [Test worker] DEBUG org.springframework.test.context.support.AbstractContextLoader - Did not detect default resource location for test class [de.htw.webtechprojekt.WebtechProjektApplicationTests]: class path resource [de/htw/webtechprojekt/WebtechProjektApplicationTestsContext.groovy] does not exist
19:56:36.197 [Test worker] INFO org.springframework.test.context.support.AbstractContextLoader - Could not detect default resource locations for test class [de.htw.webtechprojekt.WebtechProjektApplicationTests]: no resource found for suffixes {-context.xml, Context.groovy}.
19:56:36.199 [Test worker] INFO org.springframework.test.context.support.AnnotationConfigContextLoaderUtils - Could not detect default configuration classes for test class [de.htw.webtechprojekt.WebtechProjektApplicationTests]: WebtechProjektApplicationTests does not declare any static, non-private, non-final, nested classes annotated with @Configuration.
19:56:36.263 [Test worker] DEBUG org.springframework.test.context.support.ActiveProfilesUtils - Could not find an 'annotation declaring class' for annotation type [org.springframework.test.context.ActiveProfiles] and class [de.htw.webtechprojekt.WebtechProjektApplicationTests]
19:56:36.342 [Test worker] DEBUG org.springframework.context.annotation.ClassPathScanningCandidateComponentProvider - Identified candidate component class: file [/Users/study/Desktop/HTW/Coding/Webtech-Projekt/build/classes/java/main/de/htw/WebtechProjektApplication.class]
19:56:36.343 [Test worker] INFO org.springframework.boot.test.context.SpringBootTestContextBootstrapper - Found @SpringBootConfiguration de.htw.WebtechProjektApplication for test class de.htw.webtechprojekt.WebtechProjektApplicationTests
19:56:36.471 [Test worker] DEBUG org.springframework.boot.test.context.SpringBootTestContextBootstrapper - @TestExecutionListeners is not present for class [de.htw.webtechprojekt.WebtechProjektApplicationTests]: using defaults.
19:56:36.471 [Test worker] INFO org.springframework.boot.test.context.SpringBootTestContextBootstrapper - Loaded default TestExecutionListener class names from location [META-INF/spring.factories]: [org.springframework.boot.test.autoconfigure.restdocs.RestDocsTestExecutionListener, org.springframework.boot.test.autoconfigure.web.client.MockRestServiceServerResetTestExecutionListener, org.springframework.boot.test.autoconfigure.web.servlet.MockMvcPrintOnlyOnFailureTestExecutionListener, org.springframework.boot.test.autoconfigure.web.servlet.WebDriverTestExecutionListener, org.springframework.boot.test.autoconfigure.webservices.client.MockWebServiceServerTestExecutionListener, org.springframework.boot.test.mock.mockito.MockitoTestExecutionListener, org.springframework.boot.test.mock.mockito.ResetMocksTestExecutionListener, org.springframework.test.context.web.ServletTestExecutionListener, org.springframework.test.context.support.DirtiesContextBeforeModesTestExecutionListener, org.springframework.test.context.event.ApplicationEventsTestExecutionListener, org.springframework.test.context.support.DependencyInjectionTestExecutionListener, org.springframework.test.context.support.DirtiesContextTestExecutionListener, org.springframework.test.context.transaction.TransactionalTestExecutionListener, org.springframework.test.context.jdbc.SqlScriptsTestExecutionListener, org.springframework.test.context.event.EventPublishingTestExecutionListener]
19:56:36.493 [Test worker] INFO org.springframework.boot.test.context.SpringBootTestContextBootstrapper - Using TestExecutionListeners: [org.springframework.test.context.web.ServletTestExecutionListener@2611b9a3, org.springframework.test.context.support.DirtiesContextBeforeModesTestExecutionListener@54227100, org.springframework.test.context.event.ApplicationEventsTestExecutionListener@6b5894c8, org.springframework.boot.test.mock.mockito.MockitoTestExecutionListener@1433046b, org.springframework.boot.test.autoconfigure.SpringBootDependencyInjectionTestExecutionListener@3f446bef, org.springframework.test.context.support.DirtiesContextTestExecutionListener@7829b776, org.springframework.test.context.transaction.TransactionalTestExecutionListener@5778826f, org.springframework.test.context.jdbc.SqlScriptsTestExecutionListener@5b64c4b7, org.springframework.test.context.event.EventPublishingTestExecutionListener@4763c727, org.springframework.boot.test.autoconfigure.restdocs.RestDocsTestExecutionListener@72445aba, org.springframework.boot.test.autoconfigure.web.client.MockRestServiceServerResetTestExecutionListener@61bcd567, org.springframework.boot.test.autoconfigure.web.servlet.MockMvcPrintOnlyOnFailureTestExecutionListener@1c80e49b, org.springframework.boot.test.autoconfigure.web.servlet.WebDriverTestExecutionListener@458342d3, org.springframework.boot.test.autoconfigure.webservices.client.MockWebServiceServerTestExecutionListener@15c25153, org.springframework.boot.test.mock.mockito.ResetMocksTestExecutionListener@1252b961]
19:56:36.498 [Test worker] DEBUG org.springframework.test.context.support.AbstractDirtiesContextTestExecutionListener - Before test class: context [DefaultTestContext@4c51bb7 testClass = WebtechProjektApplicationTests, testInstance = [null], testMethod = [null], testException = [null], mergedContextConfiguration = [WebMergedContextConfiguration@83298d7 testClass = WebtechProjektApplicationTests, locations = '{}', classes = '{class de.htw.WebtechProjektApplication}', contextInitializerClasses = '[]', activeProfiles = '{}', propertySourceLocations = '{}', propertySourceProperties = '{org.springframework.boot.test.context.SpringBootTestContextBootstrapper=true}', contextCustomizers = set[org.springframework.boot.test.autoconfigure.actuate.metrics.MetricsExportContextCustomizerFactory$DisableMetricExportContextCustomizer@5f9be66c, org.springframework.boot.test.autoconfigure.properties.PropertyMappingContextCustomizer@0, org.springframework.boot.test.autoconfigure.web.servlet.WebDriverContextCustomizerFactory$Customizer@54e7df6a, org.springframework.boot.test.context.filter.ExcludeFilterContextCustomizer@64bce832, org.springframework.boot.test.json.DuplicateJsonObjectContextCustomizerFactory$DuplicateJsonObjectContextCustomizer@598bd2ba, org.springframework.boot.test.mock.mockito.MockitoContextCustomizer@72831c7, org.springframework.boot.test.web.client.TestRestTemplateContextCustomizer@13330ac6, org.springframework.boot.test.context.SpringBootTestArgs@1, org.springframework.boot.test.context.SpringBootTestWebEnvironment@7ee8290b], resourceBasePath = 'src/main/webapp', contextLoader = 'org.springframework.boot.test.context.SpringBootContextLoader', parent = [null]], attributes = map['org.springframework.test.context.web.ServletTestExecutionListener.activateListener' -> true]], class annotated with @DirtiesContext [false] with mode [null].

  .   ____          _            __ _ _
 /\\ / ___'_ __ _ _(_)_ __  __ _ \ \ \ \
( ( )\___ | '_ | '_| | '_ \/ _` | \ \ \ \
 \\/  ___)| |_)| | | | | || (_| |  ) ) ) )
  '  |____| .__|_| |_|_| |_\__, | / / / /
 =========|_|==============|___/=/_/_/_/
 :: Spring Boot ::                (v2.6.6)

2022-05-25 19:56:36.924  INFO 38401 --- [    Test worker] d.h.w.WebtechProjektApplicationTests     : Starting WebtechProjektApplicationTests using Java 16.0.2 on AlwinsMacBook2.fritz.box with PID 38401 (started by study in /Users/study/Desktop/HTW/Coding/Webtech-Projekt)
2022-05-25 19:56:36.926  INFO 38401 --- [    Test worker] d.h.w.WebtechProjektApplicationTests     : No active profile set, falling back to 1 default profile: "default"
2022-05-25 19:56:37.806  INFO 38401 --- [    Test worker] .s.d.r.c.RepositoryConfigurationDelegate : Bootstrapping Spring Data JPA repositories in DEFAULT mode.
2022-05-25 19:56:37.863  INFO 38401 --- [    Test worker] .s.d.r.c.RepositoryConfigurationDelegate : Finished Spring Data repository scanning in 45 ms. Found 1 JPA repository interfaces.
2022-05-25 19:56:39.029  INFO 38401 --- [    Test worker] com.zaxxer.hikari.HikariDataSource       : HikariPool-1 - Starting...
2022-05-25 19:56:39.276  INFO 38401 --- [    Test worker] com.zaxxer.hikari.HikariDataSource       : HikariPool-1 - Start completed.
2022-05-25 19:56:39.360  INFO 38401 --- [    Test worker] o.hibernate.jpa.internal.util.LogHelper  : HHH000204: Processing PersistenceUnitInfo [name: default]
2022-05-25 19:56:39.444  INFO 38401 --- [    Test worker] org.hibernate.Version                    : HHH000412: Hibernate ORM core version 5.6.7.Final
2022-05-25 19:56:39.498  INFO 38401 --- [    Test worker] o.hibernate.annotations.common.Version   : HCANN000001: Hibernate Commons Annotations {5.1.2.Final}
2022-05-25 19:56:39.664  INFO 38401 --- [    Test worker] org.hibernate.dialect.Dialect            : HHH000400: Using dialect: org.hibernate.dialect.H2Dialect
2022-05-25 19:56:40.201  INFO 38401 --- [    Test worker] o.h.e.t.j.p.i.JtaPlatformInitiator       : HHH000490: Using JtaPlatform implementation: [org.hibernate.engine.transaction.jta.platform.internal.NoJtaPlatform]
2022-05-25 19:56:40.211  INFO 38401 --- [    Test worker] j.LocalContainerEntityManagerFactoryBean : Initialized JPA EntityManagerFactory for persistence unit 'default'
2022-05-25 19:56:40.467  WARN 38401 --- [    Test worker] JpaBaseConfiguration$JpaWebConfiguration : spring.jpa.open-in-view is enabled by default. Therefore, database queries may be performed during view rendering. Explicitly configure spring.jpa.open-in-view to disable this warning
2022-05-25 19:56:41.060  INFO 38401 --- [    Test worker] d.h.w.WebtechProjektApplicationTests     : Started WebtechProjektApplicationTests in 4.512 seconds (JVM running for 5.869)
]]></system-out>
  <system-err><![CDATA[]]></system-err>
</testsuite>
